<?xml version="1.0" encoding="UTF-8"?>
<testng-results ignored="0" total="1" passed="1" failed="0" skipped="0">
  <reporter-output>
  </reporter-output>
  <suite started-at="2020-10-15T21:16:10 EDT" name="Suite" finished-at="2020-10-15T21:16:20 EDT" duration-ms="9692">
    <groups>
    </groups>
    <test started-at="2020-10-15T21:16:10 EDT" name="Test" finished-at="2020-10-15T21:16:20 EDT" duration-ms="9692">
      <class name="Base.FirstPractis">
        <test-method signature="Practis()[pri:0, instance:Base.FirstPractis@4d1b0d2a]" started-at="2020-10-15T21:16:10 EDT" name="Practis" finished-at="2020-10-15T21:16:20 EDT" duration-ms="9652" status="PASS">
          <reporter-output>
          </reporter-output>
        </test-method> <!-- Practis -->
      </class> <!-- Base.FirstPractis -->
    </test> <!-- Test -->
  </suite> <!-- Suite -->
</testng-results>
